<?xml version="1.0" encoding="UTF-8"?>
<testsuite xmlns:xsi="http://www.w3.org/2001/XMLSchema-instance" xsi:noNamespaceSchemaLocation="https://maven.apache.org/surefire/maven-surefire-plugin/xsd/surefire-test-report.xsd" name="com.activity.ActivityApplicationTests" time="11.219" tests="1" errors="0" skipped="0" failures="0">
  <properties>
    <property name="sun.desktop" value="windows"/>
    <property name="awt.toolkit" value="sun.awt.windows.WToolkit"/>
    <property name="file.encoding.pkg" value="sun.io"/>
    <property name="java.specification.version" value="1.8"/>
    <property name="sun.cpu.isalist" value="amd64"/>
    <property name="sun.jnu.encoding" value="GBK"/>
    <property name="java.class.path" value="F:\1projectes\activity\target\test-classes;F:\1projectes\activity\target\classes;E:\2developmentUtils\apache-maven\repository\org\apache\shiro\shiro-spring\1.4.0\shiro-spring-1.4.0.jar;E:\2developmentUtils\apache-maven\repository\org\apache\shiro\shiro-core\1.4.0\shiro-core-1.4.0.jar;E:\2developmentUtils\apache-maven\repository\org\apache\shiro\shiro-lang\1.4.0\shiro-lang-1.4.0.jar;E:\2developmentUtils\apache-maven\repository\org\apache\shiro\shiro-cache\1.4.0\shiro-cache-1.4.0.jar;E:\2developmentUtils\apache-maven\repository\org\apache\shiro\shiro-crypto-hash\1.4.0\shiro-crypto-hash-1.4.0.jar;E:\2developmentUtils\apache-maven\repository\org\apache\shiro\shiro-crypto-core\1.4.0\shiro-crypto-core-1.4.0.jar;E:\2developmentUtils\apache-maven\repository\org\apache\shiro\shiro-crypto-cipher\1.4.0\shiro-crypto-cipher-1.4.0.jar;E:\2developmentUtils\apache-maven\repository\org\apache\shiro\shiro-config-core\1.4.0\shiro-config-core-1.4.0.jar;E:\2developmentUtils\apache-maven\repository\org\apache\shiro\shiro-config-ogdl\1.4.0\shiro-config-ogdl-1.4.0.jar;E:\2developmentUtils\apache-maven\repository\commons-beanutils\commons-beanutils\1.9.3\commons-beanutils-1.9.3.jar;E:\2developmentUtils\apache-maven\repository\commons-collections\commons-collections\3.2.2\commons-collections-3.2.2.jar;E:\2developmentUtils\apache-maven\repository\org\apache\shiro\shiro-event\1.4.0\shiro-event-1.4.0.jar;E:\2developmentUtils\apache-maven\repository\org\apache\shiro\shiro-web\1.4.0\shiro-web-1.4.0.jar;E:\2developmentUtils\apache-maven\repository\com\github\theborakompanioni\thymeleaf-extras-shiro\2.0.0\thymeleaf-extras-shiro-2.0.0.jar;E:\2developmentUtils\apache-maven\repository\org\springframework\boot\spring-boot-starter-thymeleaf\2.1.7.RELEASE\spring-boot-starter-thymeleaf-2.1.7.RELEASE.jar;E:\2developmentUtils\apache-maven\repository\org\springframework\boot\spring-boot-starter\2.1.7.RELEASE\spring-boot-starter-2.1.7.RELEASE.jar;E:\2developmentUtils\apache-maven\repository\org\springframework\boot\spring-boot\2.1.7.RELEASE\spring-boot-2.1.7.RELEASE.jar;E:\2developmentUtils\apache-maven\repository\org\springframework\boot\spring-boot-autoconfigure\2.1.7.RELEASE\spring-boot-autoconfigure-2.1.7.RELEASE.jar;E:\2developmentUtils\apache-maven\repository\org\springframework\boot\spring-boot-starter-logging\2.1.7.RELEASE\spring-boot-starter-logging-2.1.7.RELEASE.jar;E:\2developmentUtils\apache-maven\repository\ch\qos\logback\logback-classic\1.2.3\logback-classic-1.2.3.jar;E:\2developmentUtils\apache-maven\repository\ch\qos\logback\logback-core\1.2.3\logback-core-1.2.3.jar;E:\2developmentUtils\apache-maven\repository\org\apache\logging\log4j\log4j-to-slf4j\2.11.2\log4j-to-slf4j-2.11.2.jar;E:\2developmentUtils\apache-maven\repository\org\apache\logging\log4j\log4j-api\2.11.2\log4j-api-2.11.2.jar;E:\2developmentUtils\apache-maven\repository\org\slf4j\jul-to-slf4j\1.7.26\jul-to-slf4j-1.7.26.jar;E:\2developmentUtils\apache-maven\repository\javax\annotation\javax.annotation-api\1.3.2\javax.annotation-api-1.3.2.jar;E:\2developmentUtils\apache-maven\repository\org\yaml\snakeyaml\1.23\snakeyaml-1.23.jar;E:\2developmentUtils\apache-maven\repository\org\thymeleaf\thymeleaf-spring5\3.0.11.RELEASE\thymeleaf-spring5-3.0.11.RELEASE.jar;E:\2developmentUtils\apache-maven\repository\org\thymeleaf\thymeleaf\3.0.11.RELEASE\thymeleaf-3.0.11.RELEASE.jar;E:\2developmentUtils\apache-maven\repository\org\attoparser\attoparser\2.0.5.RELEASE\attoparser-2.0.5.RELEASE.jar;E:\2developmentUtils\apache-maven\repository\org\unbescape\unbescape\1.1.6.RELEASE\unbescape-1.1.6.RELEASE.jar;E:\2developmentUtils\apache-maven\repository\org\thymeleaf\extras\thymeleaf-extras-java8time\3.0.4.RELEASE\thymeleaf-extras-java8time-3.0.4.RELEASE.jar;E:\2developmentUtils\apache-maven\repository\org\springframework\boot\spring-boot-starter-web\2.1.7.RELEASE\spring-boot-starter-web-2.1.7.RELEASE.jar;E:\2developmentUtils\apache-maven\repository\org\springframework\boot\spring-boot-starter-json\2.1.7.RELEASE\spring-boot-starter-json-2.1.7.RELEASE.jar;E:\2developmentUtils\apache-maven\repository\com\fasterxml\jackson\core\jackson-databind\2.9.9\jackson-databind-2.9.9.jar;E:\2developmentUtils\apache-maven\repository\com\fasterxml\jackson\core\jackson-core\2.9.9\jackson-core-2.9.9.jar;E:\2developmentUtils\apache-maven\repository\com\fasterxml\jackson\datatype\jackson-datatype-jdk8\2.9.9\jackson-datatype-jdk8-2.9.9.jar;E:\2developmentUtils\apache-maven\repository\com\fasterxml\jackson\datatype\jackson-datatype-jsr310\2.9.9\jackson-datatype-jsr310-2.9.9.jar;E:\2developmentUtils\apache-maven\repository\com\fasterxml\jackson\module\jackson-module-parameter-names\2.9.9\jackson-module-parameter-names-2.9.9.jar;E:\2developmentUtils\apache-maven\repository\org\springframework\boot\spring-boot-starter-tomcat\2.1.7.RELEASE\spring-boot-starter-tomcat-2.1.7.RELEASE.jar;E:\2developmentUtils\apache-maven\repository\org\apache\tomcat\embed\tomcat-embed-core\9.0.22\tomcat-embed-core-9.0.22.jar;E:\2developmentUtils\apache-maven\repository\org\apache\tomcat\embed\tomcat-embed-el\9.0.22\tomcat-embed-el-9.0.22.jar;E:\2developmentUtils\apache-maven\repository\org\apache\tomcat\embed\tomcat-embed-websocket\9.0.22\tomcat-embed-websocket-9.0.22.jar;E:\2developmentUtils\apache-maven\repository\org\hibernate\validator\hibernate-validator\6.0.17.Final\hibernate-validator-6.0.17.Final.jar;E:\2developmentUtils\apache-maven\repository\javax\validation\validation-api\2.0.1.Final\validation-api-2.0.1.Final.jar;E:\2developmentUtils\apache-maven\repository\org\jboss\logging\jboss-logging\3.3.2.Final\jboss-logging-3.3.2.Final.jar;E:\2developmentUtils\apache-maven\repository\org\springframework\spring-web\5.1.9.RELEASE\spring-web-5.1.9.RELEASE.jar;E:\2developmentUtils\apache-maven\repository\org\springframework\spring-beans\5.1.9.RELEASE\spring-beans-5.1.9.RELEASE.jar;E:\2developmentUtils\apache-maven\repository\org\springframework\spring-webmvc\5.1.9.RELEASE\spring-webmvc-5.1.9.RELEASE.jar;E:\2developmentUtils\apache-maven\repository\org\springframework\spring-aop\5.1.9.RELEASE\spring-aop-5.1.9.RELEASE.jar;E:\2developmentUtils\apache-maven\repository\org\springframework\spring-context\5.1.9.RELEASE\spring-context-5.1.9.RELEASE.jar;E:\2developmentUtils\apache-maven\repository\org\springframework\spring-expression\5.1.9.RELEASE\spring-expression-5.1.9.RELEASE.jar;E:\2developmentUtils\apache-maven\repository\org\mybatis\spring\boot\mybatis-spring-boot-starter\2.1.0\mybatis-spring-boot-starter-2.1.0.jar;E:\2developmentUtils\apache-maven\repository\org\springframework\boot\spring-boot-starter-jdbc\2.1.7.RELEASE\spring-boot-starter-jdbc-2.1.7.RELEASE.jar;E:\2developmentUtils\apache-maven\repository\com\zaxxer\HikariCP\3.2.0\HikariCP-3.2.0.jar;E:\2developmentUtils\apache-maven\repository\org\springframework\spring-jdbc\5.1.9.RELEASE\spring-jdbc-5.1.9.RELEASE.jar;E:\2developmentUtils\apache-maven\repository\org\springframework\spring-tx\5.1.9.RELEASE\spring-tx-5.1.9.RELEASE.jar;E:\2developmentUtils\apache-maven\repository\org\mybatis\spring\boot\mybatis-spring-boot-autoconfigure\2.1.0\mybatis-spring-boot-autoconfigure-2.1.0.jar;E:\2developmentUtils\apache-maven\repository\org\mybatis\mybatis\3.5.2\mybatis-3.5.2.jar;E:\2developmentUtils\apache-maven\repository\org\mybatis\mybatis-spring\2.0.2\mybatis-spring-2.0.2.jar;E:\2developmentUtils\apache-maven\repository\mysql\mysql-connector-java\8.0.17\mysql-connector-java-8.0.17.jar;E:\2developmentUtils\apache-maven\repository\org\springframework\boot\spring-boot-starter-test\2.1.7.RELEASE\spring-boot-starter-test-2.1.7.RELEASE.jar;E:\2developmentUtils\apache-maven\repository\org\springframework\boot\spring-boot-test\2.1.7.RELEASE\spring-boot-test-2.1.7.RELEASE.jar;E:\2developmentUtils\apache-maven\repository\org\springframework\boot\spring-boot-test-autoconfigure\2.1.7.RELEASE\spring-boot-test-autoconfigure-2.1.7.RELEASE.jar;E:\2developmentUtils\apache-maven\repository\com\jayway\jsonpath\json-path\2.4.0\json-path-2.4.0.jar;E:\2developmentUtils\apache-maven\repository\net\minidev\json-smart\2.3\json-smart-2.3.jar;E:\2developmentUtils\apache-maven\repository\net\minidev\accessors-smart\1.2\accessors-smart-1.2.jar;E:\2developmentUtils\apache-maven\repository\org\ow2\asm\asm\5.0.4\asm-5.0.4.jar;E:\2developmentUtils\apache-maven\repository\junit\junit\4.12\junit-4.12.jar;E:\2developmentUtils\apache-maven\repository\org\assertj\assertj-core\3.11.1\assertj-core-3.11.1.jar;E:\2developmentUtils\apache-maven\repository\org\mockito\mockito-core\2.23.4\mockito-core-2.23.4.jar;E:\2developmentUtils\apache-maven\repository\net\bytebuddy\byte-buddy\1.9.16\byte-buddy-1.9.16.jar;E:\2developmentUtils\apache-maven\repository\net\bytebuddy\byte-buddy-agent\1.9.16\byte-buddy-agent-1.9.16.jar;E:\2developmentUtils\apache-maven\repository\org\objenesis\objenesis\2.6\objenesis-2.6.jar;E:\2developmentUtils\apache-maven\repository\org\hamcrest\hamcrest-core\1.3\hamcrest-core-1.3.jar;E:\2developmentUtils\apache-maven\repository\org\hamcrest\hamcrest-library\1.3\hamcrest-library-1.3.jar;E:\2developmentUtils\apache-maven\repository\org\skyscreamer\jsonassert\1.5.0\jsonassert-1.5.0.jar;E:\2developmentUtils\apache-maven\repository\com\vaadin\external\google\android-json\0.0.20131108.vaadin1\android-json-0.0.20131108.vaadin1.jar;E:\2developmentUtils\apache-maven\repository\org\springframework\spring-core\5.1.9.RELEASE\spring-core-5.1.9.RELEASE.jar;E:\2developmentUtils\apache-maven\repository\org\springframework\spring-jcl\5.1.9.RELEASE\spring-jcl-5.1.9.RELEASE.jar;E:\2developmentUtils\apache-maven\repository\org\springframework\spring-test\5.1.9.RELEASE\spring-test-5.1.9.RELEASE.jar;E:\2developmentUtils\apache-maven\repository\org\xmlunit\xmlunit-core\2.6.3\xmlunit-core-2.6.3.jar;E:\2developmentUtils\apache-maven\repository\io\springfox\springfox-swagger2\2.7.0\springfox-swagger2-2.7.0.jar;E:\2developmentUtils\apache-maven\repository\io\swagger\swagger-annotations\1.5.13\swagger-annotations-1.5.13.jar;E:\2developmentUtils\apache-maven\repository\io\swagger\swagger-models\1.5.13\swagger-models-1.5.13.jar;E:\2developmentUtils\apache-maven\repository\com\fasterxml\jackson\core\jackson-annotations\2.9.0\jackson-annotations-2.9.0.jar;E:\2developmentUtils\apache-maven\repository\io\springfox\springfox-spi\2.7.0\springfox-spi-2.7.0.jar;E:\2developmentUtils\apache-maven\repository\io\springfox\springfox-core\2.7.0\springfox-core-2.7.0.jar;E:\2developmentUtils\apache-maven\repository\io\springfox\springfox-schema\2.7.0\springfox-schema-2.7.0.jar;E:\2developmentUtils\apache-maven\repository\io\springfox\springfox-swagger-common\2.7.0\springfox-swagger-common-2.7.0.jar;E:\2developmentUtils\apache-maven\repository\io\springfox\springfox-spring-web\2.7.0\springfox-spring-web-2.7.0.jar;E:\2developmentUtils\apache-maven\repository\org\reflections\reflections\0.9.11\reflections-0.9.11.jar;E:\2developmentUtils\apache-maven\repository\org\javassist\javassist\3.21.0-GA\javassist-3.21.0-GA.jar;E:\2developmentUtils\apache-maven\repository\com\google\guava\guava\18.0\guava-18.0.jar;E:\2developmentUtils\apache-maven\repository\com\fasterxml\classmate\1.4.0\classmate-1.4.0.jar;E:\2developmentUtils\apache-maven\repository\org\slf4j\slf4j-api\1.7.26\slf4j-api-1.7.26.jar;E:\2developmentUtils\apache-maven\repository\org\springframework\plugin\spring-plugin-core\1.2.0.RELEASE\spring-plugin-core-1.2.0.RELEASE.jar;E:\2developmentUtils\apache-maven\repository\org\springframework\plugin\spring-plugin-metadata\1.2.0.RELEASE\spring-plugin-metadata-1.2.0.RELEASE.jar;E:\2developmentUtils\apache-maven\repository\org\mapstruct\mapstruct\1.1.0.Final\mapstruct-1.1.0.Final.jar;E:\2developmentUtils\apache-maven\repository\io\springfox\springfox-swagger-ui\2.7.0\springfox-swagger-ui-2.7.0.jar;"/>
    <property name="java.vm.vendor" value="Oracle Corporation"/>
    <property name="sun.arch.data.model" value="64"/>
    <property name="user.variant" value=""/>
    <property name="java.vendor.url" value="http://java.oracle.com/"/>
    <property name="user.timezone" value="Asia/Shanghai"/>
    <property name="java.vm.specification.version" value="1.8"/>
    <property name="os.name" value="Windows 10"/>
    <property name="user.country" value="CN"/>
    <property name="sun.java.launcher" value="SUN_STANDARD"/>
    <property name="sun.boot.library.path" value="C:\Program Files (x86)\Java\jdk1.8.0_202\jre\bin"/>
    <property name="sun.java.command" value="C:\Users\ADMINI~1\AppData\Local\Temp\surefire2515087520492948579\surefirebooter5131364163749309030.jar C:\Users\Administrator\AppData\Local\Temp\surefire2515087520492948579 2019-09-12T14-17-43_493-jvmRun1 surefire1641627360485420332tmp surefire_0154852697023925686tmp"/>
    <property name="surefire.test.class.path" value="F:\1projectes\activity\target\test-classes;F:\1projectes\activity\target\classes;E:\2developmentUtils\apache-maven\repository\org\apache\shiro\shiro-spring\1.4.0\shiro-spring-1.4.0.jar;E:\2developmentUtils\apache-maven\repository\org\apache\shiro\shiro-core\1.4.0\shiro-core-1.4.0.jar;E:\2developmentUtils\apache-maven\repository\org\apache\shiro\shiro-lang\1.4.0\shiro-lang-1.4.0.jar;E:\2developmentUtils\apache-maven\repository\org\apache\shiro\shiro-cache\1.4.0\shiro-cache-1.4.0.jar;E:\2developmentUtils\apache-maven\repository\org\apache\shiro\shiro-crypto-hash\1.4.0\shiro-crypto-hash-1.4.0.jar;E:\2developmentUtils\apache-maven\repository\org\apache\shiro\shiro-crypto-core\1.4.0\shiro-crypto-core-1.4.0.jar;E:\2developmentUtils\apache-maven\repository\org\apache\shiro\shiro-crypto-cipher\1.4.0\shiro-crypto-cipher-1.4.0.jar;E:\2developmentUtils\apache-maven\repository\org\apache\shiro\shiro-config-core\1.4.0\shiro-config-core-1.4.0.jar;E:\2developmentUtils\apache-maven\repository\org\apache\shiro\shiro-config-ogdl\1.4.0\shiro-config-ogdl-1.4.0.jar;E:\2developmentUtils\apache-maven\repository\commons-beanutils\commons-beanutils\1.9.3\commons-beanutils-1.9.3.jar;E:\2developmentUtils\apache-maven\repository\commons-collections\commons-collections\3.2.2\commons-collections-3.2.2.jar;E:\2developmentUtils\apache-maven\repository\org\apache\shiro\shiro-event\1.4.0\shiro-event-1.4.0.jar;E:\2developmentUtils\apache-maven\repository\org\apache\shiro\shiro-web\1.4.0\shiro-web-1.4.0.jar;E:\2developmentUtils\apache-maven\repository\com\github\theborakompanioni\thymeleaf-extras-shiro\2.0.0\thymeleaf-extras-shiro-2.0.0.jar;E:\2developmentUtils\apache-maven\repository\org\springframework\boot\spring-boot-starter-thymeleaf\2.1.7.RELEASE\spring-boot-starter-thymeleaf-2.1.7.RELEASE.jar;E:\2developmentUtils\apache-maven\repository\org\springframework\boot\spring-boot-starter\2.1.7.RELEASE\spring-boot-starter-2.1.7.RELEASE.jar;E:\2developmentUtils\apache-maven\repository\org\springframework\boot\spring-boot\2.1.7.RELEASE\spring-boot-2.1.7.RELEASE.jar;E:\2developmentUtils\apache-maven\repository\org\springframework\boot\spring-boot-autoconfigure\2.1.7.RELEASE\spring-boot-autoconfigure-2.1.7.RELEASE.jar;E:\2developmentUtils\apache-maven\repository\org\springframework\boot\spring-boot-starter-logging\2.1.7.RELEASE\spring-boot-starter-logging-2.1.7.RELEASE.jar;E:\2developmentUtils\apache-maven\repository\ch\qos\logback\logback-classic\1.2.3\logback-classic-1.2.3.jar;E:\2developmentUtils\apache-maven\repository\ch\qos\logback\logback-core\1.2.3\logback-core-1.2.3.jar;E:\2developmentUtils\apache-maven\repository\org\apache\logging\log4j\log4j-to-slf4j\2.11.2\log4j-to-slf4j-2.11.2.jar;E:\2developmentUtils\apache-maven\repository\org\apache\logging\log4j\log4j-api\2.11.2\log4j-api-2.11.2.jar;E:\2developmentUtils\apache-maven\repository\org\slf4j\jul-to-slf4j\1.7.26\jul-to-slf4j-1.7.26.jar;E:\2developmentUtils\apache-maven\repository\javax\annotation\javax.annotation-api\1.3.2\javax.annotation-api-1.3.2.jar;E:\2developmentUtils\apache-maven\repository\org\yaml\snakeyaml\1.23\snakeyaml-1.23.jar;E:\2developmentUtils\apache-maven\repository\org\thymeleaf\thymeleaf-spring5\3.0.11.RELEASE\thymeleaf-spring5-3.0.11.RELEASE.jar;E:\2developmentUtils\apache-maven\repository\org\thymeleaf\thymeleaf\3.0.11.RELEASE\thymeleaf-3.0.11.RELEASE.jar;E:\2developmentUtils\apache-maven\repository\org\attoparser\attoparser\2.0.5.RELEASE\attoparser-2.0.5.RELEASE.jar;E:\2developmentUtils\apache-maven\repository\org\unbescape\unbescape\1.1.6.RELEASE\unbescape-1.1.6.RELEASE.jar;E:\2developmentUtils\apache-maven\repository\org\thymeleaf\extras\thymeleaf-extras-java8time\3.0.4.RELEASE\thymeleaf-extras-java8time-3.0.4.RELEASE.jar;E:\2developmentUtils\apache-maven\repository\org\springframework\boot\spring-boot-starter-web\2.1.7.RELEASE\spring-boot-starter-web-2.1.7.RELEASE.jar;E:\2developmentUtils\apache-maven\repository\org\springframework\boot\spring-boot-starter-json\2.1.7.RELEASE\spring-boot-starter-json-2.1.7.RELEASE.jar;E:\2developmentUtils\apache-maven\repository\com\fasterxml\jackson\core\jackson-databind\2.9.9\jackson-databind-2.9.9.jar;E:\2developmentUtils\apache-maven\repository\com\fasterxml\jackson\core\jackson-core\2.9.9\jackson-core-2.9.9.jar;E:\2developmentUtils\apache-maven\repository\com\fasterxml\jackson\datatype\jackson-datatype-jdk8\2.9.9\jackson-datatype-jdk8-2.9.9.jar;E:\2developmentUtils\apache-maven\repository\com\fasterxml\jackson\datatype\jackson-datatype-jsr310\2.9.9\jackson-datatype-jsr310-2.9.9.jar;E:\2developmentUtils\apache-maven\repository\com\fasterxml\jackson\module\jackson-module-parameter-names\2.9.9\jackson-module-parameter-names-2.9.9.jar;E:\2developmentUtils\apache-maven\repository\org\springframework\boot\spring-boot-starter-tomcat\2.1.7.RELEASE\spring-boot-starter-tomcat-2.1.7.RELEASE.jar;E:\2developmentUtils\apache-maven\repository\org\apache\tomcat\embed\tomcat-embed-core\9.0.22\tomcat-embed-core-9.0.22.jar;E:\2developmentUtils\apache-maven\repository\org\apache\tomcat\embed\tomcat-embed-el\9.0.22\tomcat-embed-el-9.0.22.jar;E:\2developmentUtils\apache-maven\repository\org\apache\tomcat\embed\tomcat-embed-websocket\9.0.22\tomcat-embed-websocket-9.0.22.jar;E:\2developmentUtils\apache-maven\repository\org\hibernate\validator\hibernate-validator\6.0.17.Final\hibernate-validator-6.0.17.Final.jar;E:\2developmentUtils\apache-maven\repository\javax\validation\validation-api\2.0.1.Final\validation-api-2.0.1.Final.jar;E:\2developmentUtils\apache-maven\repository\org\jboss\logging\jboss-logging\3.3.2.Final\jboss-logging-3.3.2.Final.jar;E:\2developmentUtils\apache-maven\repository\org\springframework\spring-web\5.1.9.RELEASE\spring-web-5.1.9.RELEASE.jar;E:\2developmentUtils\apache-maven\repository\org\springframework\spring-beans\5.1.9.RELEASE\spring-beans-5.1.9.RELEASE.jar;E:\2developmentUtils\apache-maven\repository\org\springframework\spring-webmvc\5.1.9.RELEASE\spring-webmvc-5.1.9.RELEASE.jar;E:\2developmentUtils\apache-maven\repository\org\springframework\spring-aop\5.1.9.RELEASE\spring-aop-5.1.9.RELEASE.jar;E:\2developmentUtils\apache-maven\repository\org\springframework\spring-context\5.1.9.RELEASE\spring-context-5.1.9.RELEASE.jar;E:\2developmentUtils\apache-maven\repository\org\springframework\spring-expression\5.1.9.RELEASE\spring-expression-5.1.9.RELEASE.jar;E:\2developmentUtils\apache-maven\repository\org\mybatis\spring\boot\mybatis-spring-boot-starter\2.1.0\mybatis-spring-boot-starter-2.1.0.jar;E:\2developmentUtils\apache-maven\repository\org\springframework\boot\spring-boot-starter-jdbc\2.1.7.RELEASE\spring-boot-starter-jdbc-2.1.7.RELEASE.jar;E:\2developmentUtils\apache-maven\repository\com\zaxxer\HikariCP\3.2.0\HikariCP-3.2.0.jar;E:\2developmentUtils\apache-maven\repository\org\springframework\spring-jdbc\5.1.9.RELEASE\spring-jdbc-5.1.9.RELEASE.jar;E:\2developmentUtils\apache-maven\repository\org\springframework\spring-tx\5.1.9.RELEASE\spring-tx-5.1.9.RELEASE.jar;E:\2developmentUtils\apache-maven\repository\org\mybatis\spring\boot\mybatis-spring-boot-autoconfigure\2.1.0\mybatis-spring-boot-autoconfigure-2.1.0.jar;E:\2developmentUtils\apache-maven\repository\org\mybatis\mybatis\3.5.2\mybatis-3.5.2.jar;E:\2developmentUtils\apache-maven\repository\org\mybatis\mybatis-spring\2.0.2\mybatis-spring-2.0.2.jar;E:\2developmentUtils\apache-maven\repository\mysql\mysql-connector-java\8.0.17\mysql-connector-java-8.0.17.jar;E:\2developmentUtils\apache-maven\repository\org\springframework\boot\spring-boot-starter-test\2.1.7.RELEASE\spring-boot-starter-test-2.1.7.RELEASE.jar;E:\2developmentUtils\apache-maven\repository\org\springframework\boot\spring-boot-test\2.1.7.RELEASE\spring-boot-test-2.1.7.RELEASE.jar;E:\2developmentUtils\apache-maven\repository\org\springframework\boot\spring-boot-test-autoconfigure\2.1.7.RELEASE\spring-boot-test-autoconfigure-2.1.7.RELEASE.jar;E:\2developmentUtils\apache-maven\repository\com\jayway\jsonpath\json-path\2.4.0\json-path-2.4.0.jar;E:\2developmentUtils\apache-maven\repository\net\minidev\json-smart\2.3\json-smart-2.3.jar;E:\2developmentUtils\apache-maven\repository\net\minidev\accessors-smart\1.2\accessors-smart-1.2.jar;E:\2developmentUtils\apache-maven\repository\org\ow2\asm\asm\5.0.4\asm-5.0.4.jar;E:\2developmentUtils\apache-maven\repository\junit\junit\4.12\junit-4.12.jar;E:\2developmentUtils\apache-maven\repository\org\assertj\assertj-core\3.11.1\assertj-core-3.11.1.jar;E:\2developmentUtils\apache-maven\repository\org\mockito\mockito-core\2.23.4\mockito-core-2.23.4.jar;E:\2developmentUtils\apache-maven\repository\net\bytebuddy\byte-buddy\1.9.16\byte-buddy-1.9.16.jar;E:\2developmentUtils\apache-maven\repository\net\bytebuddy\byte-buddy-agent\1.9.16\byte-buddy-agent-1.9.16.jar;E:\2developmentUtils\apache-maven\repository\org\objenesis\objenesis\2.6\objenesis-2.6.jar;E:\2developmentUtils\apache-maven\repository\org\hamcrest\hamcrest-core\1.3\hamcrest-core-1.3.jar;E:\2developmentUtils\apache-maven\repository\org\hamcrest\hamcrest-library\1.3\hamcrest-library-1.3.jar;E:\2developmentUtils\apache-maven\repository\org\skyscreamer\jsonassert\1.5.0\jsonassert-1.5.0.jar;E:\2developmentUtils\apache-maven\repository\com\vaadin\external\google\android-json\0.0.20131108.vaadin1\android-json-0.0.20131108.vaadin1.jar;E:\2developmentUtils\apache-maven\repository\org\springframework\spring-core\5.1.9.RELEASE\spring-core-5.1.9.RELEASE.jar;E:\2developmentUtils\apache-maven\repository\org\springframework\spring-jcl\5.1.9.RELEASE\spring-jcl-5.1.9.RELEASE.jar;E:\2developmentUtils\apache-maven\repository\org\springframework\spring-test\5.1.9.RELEASE\spring-test-5.1.9.RELEASE.jar;E:\2developmentUtils\apache-maven\repository\org\xmlunit\xmlunit-core\2.6.3\xmlunit-core-2.6.3.jar;E:\2developmentUtils\apache-maven\repository\io\springfox\springfox-swagger2\2.7.0\springfox-swagger2-2.7.0.jar;E:\2developmentUtils\apache-maven\repository\io\swagger\swagger-annotations\1.5.13\swagger-annotations-1.5.13.jar;E:\2developmentUtils\apache-maven\repository\io\swagger\swagger-models\1.5.13\swagger-models-1.5.13.jar;E:\2developmentUtils\apache-maven\repository\com\fasterxml\jackson\core\jackson-annotations\2.9.0\jackson-annotations-2.9.0.jar;E:\2developmentUtils\apache-maven\repository\io\springfox\springfox-spi\2.7.0\springfox-spi-2.7.0.jar;E:\2developmentUtils\apache-maven\repository\io\springfox\springfox-core\2.7.0\springfox-core-2.7.0.jar;E:\2developmentUtils\apache-maven\repository\io\springfox\springfox-schema\2.7.0\springfox-schema-2.7.0.jar;E:\2developmentUtils\apache-maven\repository\io\springfox\springfox-swagger-common\2.7.0\springfox-swagger-common-2.7.0.jar;E:\2developmentUtils\apache-maven\repository\io\springfox\springfox-spring-web\2.7.0\springfox-spring-web-2.7.0.jar;E:\2developmentUtils\apache-maven\repository\org\reflections\reflections\0.9.11\reflections-0.9.11.jar;E:\2developmentUtils\apache-maven\repository\org\javassist\javassist\3.21.0-GA\javassist-3.21.0-GA.jar;E:\2developmentUtils\apache-maven\repository\com\google\guava\guava\18.0\guava-18.0.jar;E:\2developmentUtils\apache-maven\repository\com\fasterxml\classmate\1.4.0\classmate-1.4.0.jar;E:\2developmentUtils\apache-maven\repository\org\slf4j\slf4j-api\1.7.26\slf4j-api-1.7.26.jar;E:\2developmentUtils\apache-maven\repository\org\springframework\plugin\spring-plugin-core\1.2.0.RELEASE\spring-plugin-core-1.2.0.RELEASE.jar;E:\2developmentUtils\apache-maven\repository\org\springframework\plugin\spring-plugin-metadata\1.2.0.RELEASE\spring-plugin-metadata-1.2.0.RELEASE.jar;E:\2developmentUtils\apache-maven\repository\org\mapstruct\mapstruct\1.1.0.Final\mapstruct-1.1.0.Final.jar;E:\2developmentUtils\apache-maven\repository\io\springfox\springfox-swagger-ui\2.7.0\springfox-swagger-ui-2.7.0.jar;"/>
    <property name="sun.cpu.endian" value="little"/>
    <property name="user.home" value="C:\Users\Administrator"/>
    <property name="user.language" value="zh"/>
    <property name="java.specification.vendor" value="Oracle Corporation"/>
    <property name="java.home" value="C:\Program Files (x86)\Java\jdk1.8.0_202\jre"/>
    <property name="basedir" value="F:\1projectes\activity"/>
    <property name="file.separator" value="\"/>
    <property name="line.separator" value="&#10;"/>
    <property name="java.vm.specification.vendor" value="Oracle Corporation"/>
    <property name="java.specification.name" value="Java Platform API Specification"/>
    <property name="java.awt.graphicsenv" value="sun.awt.Win32GraphicsEnvironment"/>
    <property name="surefire.real.class.path" value="C:\Users\ADMINI~1\AppData\Local\Temp\surefire2515087520492948579\surefirebooter5131364163749309030.jar"/>
    <property name="sun.boot.class.path" value="C:\Program Files (x86)\Java\jdk1.8.0_202\jre\lib\resources.jar;C:\Program Files (x86)\Java\jdk1.8.0_202\jre\lib\rt.jar;C:\Program Files (x86)\Java\jdk1.8.0_202\jre\lib\sunrsasign.jar;C:\Program Files (x86)\Java\jdk1.8.0_202\jre\lib\jsse.jar;C:\Program Files (x86)\Java\jdk1.8.0_202\jre\lib\jce.jar;C:\Program Files (x86)\Java\jdk1.8.0_202\jre\lib\charsets.jar;C:\Program Files (x86)\Java\jdk1.8.0_202\jre\lib\jfr.jar;C:\Program Files (x86)\Java\jdk1.8.0_202\jre\classes"/>
    <property name="user.script" value=""/>
    <property name="sun.management.compiler" value="HotSpot 64-Bit Tiered Compilers"/>
    <property name="java.runtime.version" value="1.8.0_202-b08"/>
    <property name="user.name" value="Administrator"/>
    <property name="path.separator" value=";"/>
    <property name="os.version" value="10.0"/>
    <property name="java.endorsed.dirs" value="C:\Program Files (x86)\Java\jdk1.8.0_202\jre\lib\endorsed"/>
    <property name="java.runtime.name" value="Java(TM) SE Runtime Environment"/>
    <property name="file.encoding" value="GBK"/>
    <property name="java.vm.name" value="Java HotSpot(TM) 64-Bit Server VM"/>
    <property name="localRepository" value="E:\2developmentUtils\apache-maven\repository"/>
    <property name="java.vendor.url.bug" value="http://bugreport.sun.com/bugreport/"/>
    <property name="java.io.tmpdir" value="C:\Users\ADMINI~1\AppData\Local\Temp\"/>
    <property name="java.version" value="1.8.0_202"/>
    <property name="user.dir" value="F:\1projectes\activity"/>
    <property name="os.arch" value="amd64"/>
    <property name="java.vm.specification.name" value="Java Virtual Machine Specification"/>
    <property name="java.awt.printerjob" value="sun.awt.windows.WPrinterJob"/>
    <property name="sun.os.patch.level" value=""/>
    <property name="idea.version2019.1" value="true"/>
    <property name="java.library.path" value="C:\Program Files (x86)\Java\jdk1.8.0_202\jre\bin;C:\Windows\Sun\Java\bin;C:\Windows\system32;C:\Windows;.;C:\Program Files (x86)\Common Files\Oracle\Java\javapath;C:\Program Files (x86)\Java\jdk1.8.0_202\bin;E:\2developmentUtils\apache-maven\apache-maven-3.6.0-bin\apache-maven-3.6.0\bin;C:\ProgramData\Oracle\Java\javapath;.;C:\Windows\system32;C:\Windows;C:\Windows\System32\Wbem;C:\Windows\System32\WindowsPowerShell\v1.0\;C:\Program Files (x86)\NVIDIA Corporation\PhysX\Common;C:\Program Files\MySQL\MySQL Server 8.0\bin;E:\2developmentUtils\git-2.21.0\cmd;E:\2developmentUtils\mysql5.5.27\mysql\bin;E:\2developmentUtils\mysql5.5.27\bin;E:\2developmentUtils\mysql5.5\bin;C:\Program Files\MySQL\MySQL Server 5.5\bin;C:\Program Files\nodejs\;E:\2developmentUtils\rubyinstaller\Ruby25-x64\bin;C:\Users\Administrator\AppData\Roaming\npm;."/>
    <property name="java.vm.info" value="mixed mode"/>
    <property name="java.vendor" value="Oracle Corporation"/>
    <property name="java.vm.version" value="25.202-b08"/>
    <property name="java.ext.dirs" value="C:\Program Files (x86)\Java\jdk1.8.0_202\jre\lib\ext;C:\Windows\Sun\Java\lib\ext"/>
    <property name="sun.io.unicode.encoding" value="UnicodeLittle"/>
    <property name="java.class.version" value="52.0"/>
  </properties>
  <testcase name="contextLoads" classname="com.activity.ActivityApplicationTests" time="0.601"/>
</testsuite>